<?xml version="1.0" encoding="UTF-8"?>
<testng-results ignored="0" total="1" passed="1" failed="0" skipped="0">
  <reporter-output>
  </reporter-output>
  <suite started-at="2025-11-01T21:57:54 IST" name="Suite" finished-at="2025-11-01T21:58:22 IST" duration-ms="28398">
    <groups>
      <group name="cucumber">
        <method signature="AbstractTestNGCucumberTests.runScenario(io.cucumber.testng.PickleWrapper,io.cucumber.testng.FeatureWrapper)[pri:0, instance:Execution.Runnerclass@436813f3]" name="runScenario" class="io.cucumber.testng.AbstractTestNGCucumberTests"/>
      </group> <!-- cucumber -->
    </groups>
    <test started-at="2025-11-01T21:57:54 IST" name="Test" finished-at="2025-11-01T21:58:22 IST" duration-ms="28398">
      <class name="Execution.Runnerclass">
        <test-method is-config="true" signature="setUpClass(org.testng.ITestContext)[pri:0, instance:Execution.Runnerclass@436813f3]" started-at="2025-11-01T21:57:54 IST" name="setUpClass" finished-at="2025-11-01T21:57:55 IST" duration-ms="864" status="PASS">
          <params>
            <param index="0">
              <value>
                <![CDATA[org.testng.TestRunner@58164e9a]]>
              </value>
            </param>
          </params>
          <reporter-output>
          </reporter-output>
        </test-method> <!-- setUpClass -->
        <test-method signature="runScenario(io.cucumber.testng.PickleWrapper,io.cucumber.testng.FeatureWrapper)[pri:0, instance:Execution.Runnerclass@436813f3]" started-at="2025-11-01T21:57:55 IST" name="runScenario" description="Runs Cucumber Scenarios" data-provider="scenarios" finished-at="2025-11-01T21:58:21 IST" duration-ms="25955" status="PASS">
          <params>
            <param index="0">
              <value>
                <![CDATA["Verify that user should get able to update the profile by uploading resume"]]>
              </value>
            </param>
            <param index="1">
              <value>
                <![CDATA["Updating Naukri Profile Automatically"]]>
              </value>
            </param>
          </params>
          <reporter-output>
          </reporter-output>
        </test-method> <!-- runScenario -->
        <test-method is-config="true" signature="tearDownClass()[pri:0, instance:Execution.Runnerclass@436813f3]" started-at="2025-11-01T21:58:21 IST" name="tearDownClass" finished-at="2025-11-01T21:58:22 IST" duration-ms="1526" status="PASS">
          <reporter-output>
          </reporter-output>
        </test-method> <!-- tearDownClass -->
      </class> <!-- Execution.Runnerclass -->
    </test> <!-- Test -->
  </suite> <!-- Suite -->
</testng-results>
