<?xml version="1.0" encoding="UTF-8"?>
<testng-results ignored="0" total="1" passed="1" failed="0" skipped="0">
  <reporter-output>
  </reporter-output>
  <suite started-at="2025-10-13T21:21:36 IST" name="Default suite" finished-at="2025-10-13T21:22:09 IST" duration-ms="33043">
    <groups>
      <group name="cucumber">
        <method signature="AbstractTestNGCucumberTests.runScenario(io.cucumber.testng.PickleWrapper,io.cucumber.testng.FeatureWrapper)[pri:0, instance:Execution.Runnerclass@70ed52de]" name="runScenario" class="io.cucumber.testng.AbstractTestNGCucumberTests"/>
      </group> <!-- cucumber -->
    </groups>
    <test started-at="2025-10-13T21:21:36 IST" name="Default test" finished-at="2025-10-13T21:22:09 IST" duration-ms="33043">
      <class name="Execution.Runnerclass">
        <test-method is-config="true" signature="setUpClass(org.testng.ITestContext)[pri:0, instance:Execution.Runnerclass@70ed52de]" started-at="2025-10-13T21:21:36 IST" name="setUpClass" finished-at="2025-10-13T21:21:37 IST" duration-ms="616" status="PASS">
          <params>
            <param index="0">
              <value>
                <![CDATA[org.testng.TestRunner@2f60cbf2]]>
              </value>
            </param>
          </params>
          <reporter-output>
          </reporter-output>
        </test-method> <!-- setUpClass -->
        <test-method signature="runScenario(io.cucumber.testng.PickleWrapper,io.cucumber.testng.FeatureWrapper)[pri:0, instance:Execution.Runnerclass@70ed52de]" started-at="2025-10-13T21:21:37 IST" name="runScenario" description="Runs Cucumber Scenarios" data-provider="scenarios" finished-at="2025-10-13T21:22:08 IST" duration-ms="30923" status="PASS">
          <params>
            <param index="0">
              <value>
                <![CDATA["Verify that user should get able to update the profile by uploading resume"]]>
              </value>
            </param>
            <param index="1">
              <value>
                <![CDATA["Updating Naukri Profile Automatically"]]>
              </value>
            </param>
          </params>
          <reporter-output>
          </reporter-output>
        </test-method> <!-- runScenario -->
        <test-method is-config="true" signature="tearDownClass()[pri:0, instance:Execution.Runnerclass@70ed52de]" started-at="2025-10-13T21:22:08 IST" name="tearDownClass" finished-at="2025-10-13T21:22:09 IST" duration-ms="1456" status="PASS">
          <reporter-output>
          </reporter-output>
        </test-method> <!-- tearDownClass -->
      </class> <!-- Execution.Runnerclass -->
    </test> <!-- Default test -->
  </suite> <!-- Default suite -->
</testng-results>
